<?xml version="1.0" encoding="UTF-8"?>
<!-- Generated by org.testng.reporters.JUnitXMLReporter -->
<testsuite hostname="s-milaserdov" ignored="0" name="Add Customer Test" tests="4" failures="0" timestamp="19 Mar 2018 14:41:25 GMT" time="11.083" errors="0">
  <testcase name="addCustomer" time="3.567" classname="com.w2.automation.testcases.AddCustomerTest"/>
  <testcase name="addCustomer" time="0.0" classname="com.w2.automation.testcases.AddCustomerTest">
    <skipped/>
  </testcase> <!-- addCustomer -->
  <testcase name="addCustomer" time="3.571" classname="com.w2.automation.testcases.AddCustomerTest"/>
  <testcase name="addCustomer" time="3.489" classname="com.w2.automation.testcases.AddCustomerTest"/>
</testsuite> <!-- Add Customer Test -->
