<?xml version="1.0" encoding="UTF-8"?>
<testsuite xmlns:xsi="http://www.w3.org/2001/XMLSchema-instance" xsi:noNamespaceSchemaLocation="https://maven.apache.org/surefire/maven-surefire-plugin/xsd/surefire-test-report.xsd" name="TestSuite" time="46.18" tests="6" errors="0" skipped="2" failures="0">
  <properties>
[...]
</properties>
  <testcase name="loginAsBAnkManager" classname="com.w2.automation.testcases.LoginTest" time="3.527"/>
  <testcase name="addCustomer" classname="com.w2.automation.testcases.AddCustomerTest" time="3.571"/>
  <testcase name="addCustomer" classname="com.w2.automation.testcases.AddCustomerTest" time="0">
    <skipped message="Skipping the test case as the runmode for data set is NO"/>
  </testcase>
  <testcase name="addCustomer" classname="com.w2.automation.testcases.AddCustomerTest" time="3.572"/>
  <testcase name="addCustomer" classname="com.w2.automation.testcases.AddCustomerTest" time="3.489"/>
  <testcase name="openAccountTest" classname="com.w2.automation.testcases.OpenAccountTest" time="0">
    <skipped message="Skipping the test OPENACCOUNTTESTas the Run mode is NO"/>
    <system-out><![CDATA[OpenAccountTest
Total rows are : 2
Total cols are : 3
]]></system-out>
  </testcase>
</testsuite>