<?xml version="1.0" encoding="UTF-8"?>
<testsuite name="Add Customer Test"
           tests="4"
           failures="0"
           errors="0"
           skipped="1"
           time="10.627">
  <properties />
  
            <testcase name="addCustomer" time="0.0" classname="com.w2.automation.testcases.AddCustomerTest">
          <skipped />
    </testcase>
  
            <testcase name="addCustomer" time="3.489" classname="com.w2.automation.testcases.AddCustomerTest" />
                <testcase name="addCustomer" time="3.571" classname="com.w2.automation.testcases.AddCustomerTest" />
                <testcase name="addCustomer" time="3.567" classname="com.w2.automation.testcases.AddCustomerTest" />
      
</testsuite>
